{
  "stats": {
    "suites": 1,
    "tests": 2,
    "passes": 2,
    "pending": 0,
    "failures": 0,
    "start": "2025-08-21T16:26:05.653Z",
    "end": "2025-08-21T16:26:12.402Z",
    "duration": 6749,
    "testsRegistered": 2,
    "passPercent": 100,
    "pendingPercent": 0,
    "other": 0,
    "hasOther": false,
    "skipped": 0,
    "hasSkipped": false
  },
  "results": [
    {
      "uuid": "91298184-70c2-45c2-9e07-5651ac5a9558",
      "title": "",
      "fullFile": "cypress\\e2e\\frontend\\login.cy.js",
      "file": "cypress\\e2e\\frontend\\login.cy.js",
      "beforeHooks": [],
      "afterHooks": [],
      "tests": [],
      "suites": [
        {
          "uuid": "0638e089-c690-4ddf-8f47-0d20fbe525a8",
          "title": "Login do administrador",
          "fullFile": "",
          "file": "",
          "beforeHooks": [],
          "afterHooks": [],
          "tests": [
            {
              "title": "Login de admin bem sucedido (happy path)",
              "fullTitle": "Login do administrador Login de admin bem sucedido (happy path)",
              "timedOut": null,
              "duration": 4402,
              "state": "passed",
              "speed": "fast",
              "pass": true,
              "fail": false,
              "pending": false,
              "context": null,
              "code": "cy.fixture('credenciais').then(credenciais => {\n  cy.get('[data-testid=\"email\"]').click().type(credenciais.admin.email);\n  cy.get('[data-testid=\"senha\"]').click().type(credenciais.admin.password);\n});\ncy.get('[data-testid=\"entrar\"]').click();\ncy.get('.lead').should('contain', 'Este é seu sistema para administrar seu ecommerce.');",
              "err": {},
              "uuid": "c9ad6cde-bd81-43e3-8b8d-29223a8d1b76",
              "parentUUID": "0638e089-c690-4ddf-8f47-0d20fbe525a8",
              "isHook": false,
              "skipped": false
            },
            {
              "title": "Login de admin inválido",
              "fullTitle": "Login do administrador Login de admin inválido",
              "timedOut": null,
              "duration": 2229,
              "state": "passed",
              "speed": "fast",
              "pass": true,
              "fail": false,
              "pending": false,
              "context": null,
              "code": "cy.fixture('credenciais').then(credenciais => {\n  cy.get('[data-testid=\"email\"]').click().type(credenciais.adminInvalid.email);\n  cy.get('[data-testid=\"senha\"]').click().type(credenciais.adminInvalid.password);\n});\ncy.get('[data-testid=\"entrar\"]').click();\ncy.get('.alert').should('contain', 'Email e/ou senha inválidos');",
              "err": {},
              "uuid": "a6a279be-284d-4e51-bb6e-197e95b42c0e",
              "parentUUID": "0638e089-c690-4ddf-8f47-0d20fbe525a8",
              "isHook": false,
              "skipped": false
            }
          ],
          "suites": [],
          "passes": [
            "c9ad6cde-bd81-43e3-8b8d-29223a8d1b76",
            "a6a279be-284d-4e51-bb6e-197e95b42c0e"
          ],
          "failures": [],
          "pending": [],
          "skipped": [],
          "duration": 6631,
          "root": false,
          "rootEmpty": false,
          "_timeout": 2000
        }
      ],
      "passes": [],
      "failures": [],
      "pending": [],
      "skipped": [],
      "duration": 0,
      "root": true,
      "rootEmpty": true,
      "_timeout": 2000
    }
  ],
  "meta": {
    "mocha": {
      "version": "7.2.0"
    },
    "mochawesome": {
      "options": {
        "quiet": false,
        "reportFilename": "mochawesome",
        "saveHtml": true,
        "saveJson": true,
        "consoleReporter": "spec",
        "useInlineDiffs": false,
        "code": true
      },
      "version": "7.1.3"
    },
    "marge": {
      "options": {
        "reportDir": "cypress/results",
        "overwrite": false,
        "html": true,
        "json": true,
        "timestamp": "ddmmyyyy_HHMMss"
      },
      "version": "6.2.0"
    }
  }
}