{
  "stats": {
    "suites": 1,
    "tests": 1,
    "passes": 1,
    "pending": 0,
    "failures": 0,
    "start": "2025-08-21T16:34:00.439Z",
    "end": "2025-08-21T16:34:10.205Z",
    "duration": 9766,
    "testsRegistered": 1,
    "passPercent": 100,
    "pendingPercent": 0,
    "other": 0,
    "hasOther": false,
    "skipped": 0,
    "hasSkipped": false
  },
  "results": [
    {
      "uuid": "e5389329-7a55-49ea-983e-6ffb9142862e",
      "title": "",
      "fullFile": "cypress\\e2e\\frontend\\cadastroProduto.cy.js",
      "file": "cypress\\e2e\\frontend\\cadastroProduto.cy.js",
      "beforeHooks": [],
      "afterHooks": [],
      "tests": [],
      "suites": [
        {
          "uuid": "a6b2fcfe-a9ea-497b-bc49-2f851739254c",
          "title": "Cadastro de produtos",
          "fullFile": "",
          "file": "",
          "beforeHooks": [],
          "afterHooks": [],
          "tests": [
            {
              "title": "Admin  cadastra um novo produto",
              "fullTitle": "Cadastro de produtos Admin  cadastra um novo produto",
              "timedOut": null,
              "duration": 9714,
              "state": "passed",
              "speed": "medium",
              "pass": true,
              "fail": false,
              "pending": false,
              "context": null,
              "code": "cy.fixture('credenciais').then(credenciais => {\n  cy.get('[data-testid=\"email\"]').click().type(credenciais.admin.email);\n  cy.get('[data-testid=\"senha\"]').click().type(credenciais.admin.password);\n});\ncy.get('[data-testid=\"entrar\"]').click();\ncy.get('[data-testid=\"cadastrar-produtos\"]').click();\ncy.get('h1').should('be.visible');\nconst productName = `Smart TV ${Date.now()}`;\ncy.get('[data-testid=\"nome\"]').type(productName);\ncy.get('[data-testid=\"preco\"]').type('3.000,00');\ncy.get('[data-testid=\"descricao\"]').type('Smart TV 50\" 4K Ultra HD Samsung com processador Crystal 4K, Gaming Hub, AI Energy Mode, Alexa built-in, Wi-Fi, Bluetooth, USB e HDMI');\ncy.get('[data-testid=\"quantity\"]').type('1');\ncy.get('[data-testid=\"imagem\"]').attachFile('tv.jpeg');\ncy.get('[data-testid=\"cadastarProdutos\"]').click();\ncy.contains(productName).should('be.visible');",
              "err": {},
              "uuid": "411f8eb6-3204-480b-92d2-09636084faa1",
              "parentUUID": "a6b2fcfe-a9ea-497b-bc49-2f851739254c",
              "isHook": false,
              "skipped": false
            }
          ],
          "suites": [],
          "passes": [
            "411f8eb6-3204-480b-92d2-09636084faa1"
          ],
          "failures": [],
          "pending": [],
          "skipped": [],
          "duration": 9714,
          "root": false,
          "rootEmpty": false,
          "_timeout": 2000
        }
      ],
      "passes": [],
      "failures": [],
      "pending": [],
      "skipped": [],
      "duration": 0,
      "root": true,
      "rootEmpty": true,
      "_timeout": 2000
    }
  ],
  "meta": {
    "mocha": {
      "version": "7.2.0"
    },
    "mochawesome": {
      "options": {
        "quiet": false,
        "reportFilename": "mochawesome",
        "saveHtml": true,
        "saveJson": true,
        "consoleReporter": "spec",
        "useInlineDiffs": false,
        "code": true
      },
      "version": "7.1.3"
    },
    "marge": {
      "options": {
        "reportDir": "cypress/results",
        "overwrite": false,
        "html": true,
        "json": true,
        "timestamp": "ddmmyyyy_HHMMss"
      },
      "version": "6.2.0"
    }
  }
}